<?xml version="1.0" encoding="UTF-8"?>
<testsuite name="PhoneNumberServiceTest" tests="1" skipped="0" failures="0" errors="0" timestamp="2025-06-16T08:06:54.825Z" hostname="SUS" time="0.03">
  <properties/>
  <testcase name="testProcessPrintsValidAndInvalidInterpretations()" classname="PhoneNumberServiceTest" time="0.03"/>
  <system-out><![CDATA[]]></system-out>
  <system-err><![CDATA[⚠️ Could not find file: ambiguities.txt
]]></system-err>
</testsuite>
